<?xml version="1.0" encoding="UTF-8"?>
<testng-results ignored="0" total="1" passed="1" failed="0" skipped="0">
  <reporter-output>
  </reporter-output>
  <suite started-at="2021-03-14T21:52:35Z" name="Suite" finished-at="2021-03-14T21:53:20Z" duration-ms="45626">
    <groups>
    </groups>
    <test started-at="2021-03-14T21:52:35Z" name="Test" finished-at="2021-03-14T21:53:20Z" duration-ms="45626">
      <class name="agri.crop.Main">
        <test-method is-config="true" signature="setupExtent()[pri:0, instance:agri.crop.Main@398dada8]" started-at="2021-03-14T21:52:35Z" name="setupExtent" finished-at="2021-03-14T21:52:35Z" duration-ms="266" status="PASS">
          <reporter-output>
          </reporter-output>
        </test-method> <!-- setupExtent -->
        <test-method is-config="true" signature="beforeMethod()[pri:0, instance:agri.crop.Main@398dada8]" started-at="2021-03-14T21:52:35Z" name="beforeMethod" finished-at="2021-03-14T21:52:41Z" duration-ms="5812" status="PASS">
          <reporter-output>
          </reporter-output>
        </test-method> <!-- beforeMethod -->
        <test-method signature="test()[pri:0, instance:agri.crop.Main@398dada8]" started-at="2021-03-14T21:52:41Z" name="test" finished-at="2021-03-14T21:53:19Z" duration-ms="38270" status="PASS">
          <reporter-output>
          </reporter-output>
        </test-method> <!-- test -->
        <test-method is-config="true" signature="tearDown(org.testng.ITestResult)[pri:0, instance:agri.crop.Main@398dada8]" started-at="2021-03-14T21:53:19Z" name="tearDown" finished-at="2021-03-14T21:53:20Z" duration-ms="1250" status="PASS">
          <params>
            <param index="0">
              <value>
                <![CDATA[[TestResult name=test status=SUCCESS method=Main.test()[pri:0, instance:agri.crop.Main@398dada8] output={null}]]]>
              </value>
            </param>
          </params>
          <reporter-output>
          </reporter-output>
        </test-method> <!-- tearDown -->
      </class> <!-- agri.crop.Main -->
    </test> <!-- Test -->
  </suite> <!-- Suite -->
</testng-results>
