<?xml version="1.0" encoding="UTF-8"?>
<testng-results ignored="0" total="1" passed="1" failed="0" skipped="0">
  <reporter-output>
  </reporter-output>
  <suite started-at="2021-03-22T15:10:31Z" name="Suite" finished-at="2021-03-22T15:11:16Z" duration-ms="45234">
    <groups>
    </groups>
    <test started-at="2021-03-22T15:10:31Z" name="Test" finished-at="2021-03-22T15:11:16Z" duration-ms="45234">
      <class name="project.agri.Main">
        <test-method is-config="true" signature="setupExtent()[pri:0, instance:project.agri.Main@5829e4f4]" started-at="2021-03-22T15:10:31Z" name="setupExtent" finished-at="2021-03-22T15:10:31Z" duration-ms="219" status="PASS">
          <reporter-output>
          </reporter-output>
        </test-method> <!-- setupExtent -->
        <test-method is-config="true" signature="beforeMethod()[pri:0, instance:project.agri.Main@5829e4f4]" started-at="2021-03-22T15:10:31Z" name="beforeMethod" finished-at="2021-03-22T15:10:37Z" duration-ms="5819" status="PASS">
          <reporter-output>
          </reporter-output>
        </test-method> <!-- beforeMethod -->
        <test-method signature="test()[pri:0, instance:project.agri.Main@5829e4f4]" started-at="2021-03-22T15:10:37Z" name="test" finished-at="2021-03-22T15:11:15Z" duration-ms="37671" status="PASS">
          <reporter-output>
          </reporter-output>
        </test-method> <!-- test -->
        <test-method is-config="true" signature="tearDown(org.testng.ITestResult)[pri:0, instance:project.agri.Main@5829e4f4]" started-at="2021-03-22T15:11:15Z" name="tearDown" finished-at="2021-03-22T15:11:16Z" duration-ms="1350" status="PASS">
          <params>
            <param index="0">
              <value>
                <![CDATA[[TestResult name=test status=SUCCESS method=Main.test()[pri:0, instance:project.agri.Main@5829e4f4] output={null}]]]>
              </value>
            </param>
          </params>
          <reporter-output>
          </reporter-output>
        </test-method> <!-- tearDown -->
      </class> <!-- project.agri.Main -->
    </test> <!-- Test -->
  </suite> <!-- Suite -->
</testng-results>
