<?xml version="1.0" encoding="UTF-8"?>
<testng-results ignored="0" total="1" passed="1" failed="0" skipped="0">
  <reporter-output>
  </reporter-output>
  <suite started-at="2021-03-22T19:05:43Z" name="Suite" finished-at="2021-03-22T19:06:27Z" duration-ms="43466">
    <groups>
    </groups>
    <test started-at="2021-03-22T19:05:43Z" name="Test" finished-at="2021-03-22T19:06:27Z" duration-ms="43466">
      <class name="project.agri.Main">
        <test-method is-config="true" signature="setupExtent()[pri:0, instance:project.agri.Main@35390ee3]" started-at="2021-03-22T19:05:43Z" name="setupExtent" finished-at="2021-03-22T19:05:44Z" duration-ms="144" status="PASS">
          <reporter-output>
          </reporter-output>
        </test-method> <!-- setupExtent -->
        <test-method is-config="true" signature="beforeMethod()[pri:0, instance:project.agri.Main@35390ee3]" started-at="2021-03-22T19:05:44Z" name="beforeMethod" finished-at="2021-03-22T19:05:48Z" duration-ms="4831" status="PASS">
          <reporter-output>
          </reporter-output>
        </test-method> <!-- beforeMethod -->
        <test-method signature="test()[pri:0, instance:project.agri.Main@35390ee3]" started-at="2021-03-22T19:05:49Z" name="test" finished-at="2021-03-22T19:06:26Z" duration-ms="37376" status="PASS">
          <reporter-output>
          </reporter-output>
        </test-method> <!-- test -->
        <test-method is-config="true" signature="tearDown(org.testng.ITestResult)[pri:0, instance:project.agri.Main@35390ee3]" started-at="2021-03-22T19:06:26Z" name="tearDown" finished-at="2021-03-22T19:06:27Z" duration-ms="987" status="PASS">
          <params>
            <param index="0">
              <value>
                <![CDATA[[TestResult name=test status=SUCCESS method=Main.test()[pri:0, instance:project.agri.Main@35390ee3] output={null}]]]>
              </value>
            </param>
          </params>
          <reporter-output>
          </reporter-output>
        </test-method> <!-- tearDown -->
      </class> <!-- project.agri.Main -->
    </test> <!-- Test -->
  </suite> <!-- Suite -->
</testng-results>
